  Program.cpp
c:\users\pjaer\desktop\projects\experimental\a-star\c++\astar\astar\astar\program.cpp(14): warning C4244: 'initializing': conversion from 'int' to 'float', possible loss of data
c:\users\pjaer\desktop\projects\experimental\a-star\c++\astar\astar\astar\program.cpp(15): warning C4244: 'initializing': conversion from 'int' to 'float', possible loss of data
c:\users\pjaer\desktop\projects\experimental\a-star\c++\astar\astar\astar\program.cpp(27): warning C4244: 'argument': conversion from 'float' to 'int', possible loss of data
c:\users\pjaer\desktop\projects\experimental\a-star\c++\astar\astar\astar\program.cpp(64): warning C4018: '<': signed/unsigned mismatch
c:\users\pjaer\desktop\projects\experimental\a-star\c++\astar\astar\astar\program.cpp(95): warning C4018: '<': signed/unsigned mismatch
c:\users\pjaer\desktop\projects\experimental\a-star\c++\astar\astar\astar\program.cpp(101): warning C4018: '<': signed/unsigned mismatch
c:\users\pjaer\desktop\projects\experimental\a-star\c++\astar\astar\astar\program.cpp(119): warning C4018: '<': signed/unsigned mismatch
c:\users\pjaer\desktop\projects\experimental\a-star\c++\astar\astar\astar\program.cpp(174): warning C4018: '<': signed/unsigned mismatch
c:\users\pjaer\desktop\projects\experimental\a-star\c++\astar\astar\astar\program.cpp(176): warning C4018: '<': signed/unsigned mismatch
c:\users\pjaer\desktop\projects\experimental\a-star\c++\astar\astar\astar\program.cpp(186): warning C4018: '<': signed/unsigned mismatch
c:\users\pjaer\desktop\projects\experimental\a-star\c++\astar\astar\astar\program.cpp(188): warning C4018: '<': signed/unsigned mismatch
c:\users\pjaer\desktop\projects\experimental\a-star\c++\astar\astar\astar\program.cpp(192): warning C4244: 'argument': conversion from 'float' to 'sf::Uint8', possible loss of data
c:\users\pjaer\desktop\projects\experimental\a-star\c++\astar\astar\astar\program.cpp(196): warning C4244: 'argument': conversion from 'float' to 'sf::Uint8', possible loss of data
c:\users\pjaer\desktop\projects\experimental\a-star\c++\astar\astar\astar\program.cpp(204): warning C4018: '<': signed/unsigned mismatch
c:\users\pjaer\desktop\projects\experimental\a-star\c++\astar\astar\astar\program.cpp(206): warning C4244: 'argument': conversion from 'float' to 'sf::Uint8', possible loss of data
c:\users\pjaer\desktop\projects\experimental\a-star\c++\astar\astar\astar\program.cpp(210): warning C4018: '<': signed/unsigned mismatch
c:\users\pjaer\desktop\projects\experimental\a-star\c++\astar\astar\astar\program.cpp(212): warning C4244: 'argument': conversion from 'float' to 'sf::Uint8', possible loss of data
c:\users\pjaer\desktop\projects\experimental\a-star\c++\astar\astar\astar\program.cpp(216): warning C4018: '<': signed/unsigned mismatch
c:\users\pjaer\desktop\projects\experimental\a-star\c++\astar\astar\astar\program.cpp(218): warning C4244: 'argument': conversion from 'float' to 'sf::Uint8', possible loss of data
  AStar.vcxproj -> C:\Users\Pjaer\Desktop\Projects\Experimental\a-star\c++\AStar\AStar\Debug\AStar.exe
  AStar.vcxproj -> C:\Users\Pjaer\Desktop\Projects\Experimental\a-star\c++\AStar\AStar\Debug\AStar.pdb (Partial PDB)
